11:22:07.150  INFO  manager.ApplicationManager - All tests start in  ChromeDriver
11:22:09.617  INFO  manager.ApplicationManager - The current url is --->https://ilcarro-1578153671498.web.app/search
11:22:09.651  INFO  TestBase - Start Method with name --->searchInPast
11:22:09.653  INFO  manager.ListenerWD - Before Find Element By -->By.id: city
11:22:09.679  INFO  manager.ListenerWD - After Find Element By -->By.id: city
11:22:09.802  INFO  manager.ListenerWD - Before Find Element By -->By.cssSelector: div.pac-item
11:22:10.241  INFO  manager.ListenerWD - After Find Element By -->By.cssSelector: div.pac-item
11:22:10.280  INFO  manager.ListenerWD - Before Find Element By -->By.id: dates
11:22:10.307  INFO  manager.ListenerWD - After Find Element By -->By.id: dates
11:22:10.399  INFO  manager.ListenerWD - Before Find Element By -->By.id: dates
11:22:10.420  INFO  manager.ListenerWD - After Find Element By -->By.id: dates
11:22:11.530  INFO  manager.ListenerWD - We have a 'problem'
11:22:11.531  INFO  manager.ListenerWD - The name of error method  click
11:22:11.534  INFO  manager.ListenerWD - Describe of error org.openqa.selenium.ElementClickInterceptedException: element click intercepted: Element <input _ngcontent-mpc-c72="" formcontrolname="dates" id="dates" class="ng-pristine ng-invalid ng-touched" aria-haspopup="dialog" min="2022-10-23" max="2023-10-23" aria-owns="sat-datepicker-0"> is not clickable at point (301, 350). Other element would receive the click: <table class="mat-calendar-table">...</table>
  (Session info: chrome=106.0.5249.119)
Build info: version: '4.4.0', revision: 'e5c75ed026a'
System info: host: 'DESKTOP-0R1O53S', ip: '172.20.10.3', os.name: 'Windows 10', os.arch: 'amd64', os.version: '10.0', java.version: '11.0.16.1'
Driver info: org.openqa.selenium.chrome.ChromeDriver
Command: [eadfc4afe8b2afe2fd3fd3b0bb0f91e8, clickElement {id=09bc040e-c5a3-4667-8956-97e6505d9593}]
Capabilities {acceptInsecureCerts: false, browserName: chrome, browserVersion: 106.0.5249.119, chrome: {chromedriverVersion: 105.0.5195.52 (412c95e51883..., userDataDir: C:\Users\olga\AppData\Local...}, goog:chromeOptions: {debuggerAddress: localhost:52241}, networkConnectionEnabled: false, pageLoadStrategy: normal, platformName: WINDOWS, proxy: Proxy(), se:cdp: ws://localhost:52241/devtoo..., se:cdpVersion: 106.0.5249.119, setWindowRect: true, strictFileInteractability: false, timeouts: {implicit: 0, pageLoad: 300000, script: 30000}, unhandledPromptBehavior: dismiss and notify, webauthn:extension:credBlob: true, webauthn:extension:largeBlob: true, webauthn:virtualAuthenticators: true}
Element: [[ChromeDriver: chrome on WINDOWS (eadfc4afe8b2afe2fd3fd3b0bb0f91e8)] -> id: dates]
Session ID: eadfc4afe8b2afe2fd3fd3b0bb0f91e8
11:22:11.534  INFO  manager.ListenerWD - *********************
11:22:11.534  INFO  manager.ListenerWD - [[ChromeDriver: chrome on WINDOWS (eadfc4afe8b2afe2fd3fd3b0bb0f91e8)] -> id: dates]
11:22:11.545  INFO  manager.ListenerWD - Screen with error is  1387 ****src/test/screenshots/screen1387.png
