11:13:41.649  INFO  manager.ApplicationManager - All tests start in  ChromeDriver
11:13:45.667  INFO  manager.ApplicationManager - The current url is --->https://ilcarro-1578153671498.web.app/search
11:13:45.695  INFO  TestBase - Start Method with name --->searchInPast
11:13:45.699  INFO  manager.ListenerWD - Before Find Element By -->By.id: city
11:13:45.743  INFO  manager.ListenerWD - After Find Element By -->By.id: city
11:13:45.873  INFO  manager.ListenerWD - Before Find Element By -->By.cssSelector: div.pac-item
11:13:46.486  INFO  manager.ListenerWD - After Find Element By -->By.cssSelector: div.pac-item
11:13:46.528  INFO  manager.ListenerWD - Before Find Element By -->By.id: dates
11:13:46.552  INFO  manager.ListenerWD - After Find Element By -->By.id: dates
11:13:46.648  INFO  manager.ListenerWD - Before Find Element By -->By.id: dates
11:13:46.670  INFO  manager.ListenerWD - After Find Element By -->By.id: dates
11:13:47.772  INFO  manager.ListenerWD - We have a 'problem'
11:13:47.772  INFO  manager.ListenerWD - The name of error method  click
11:13:47.775  INFO  manager.ListenerWD - Describe of error org.openqa.selenium.ElementClickInterceptedException: element click intercepted: Element <input _ngcontent-aia-c72="" formcontrolname="dates" id="dates" class="ng-pristine ng-invalid ng-touched" aria-haspopup="dialog" min="2022-10-23" max="2023-10-23" aria-owns="sat-datepicker-0"> is not clickable at point (301, 350). Other element would receive the click: <table class="mat-calendar-table">...</table>
  (Session info: chrome=106.0.5249.119)
Build info: version: '4.4.0', revision: 'e5c75ed026a'
System info: host: 'DESKTOP-0R1O53S', ip: '172.20.10.3', os.name: 'Windows 10', os.arch: 'amd64', os.version: '10.0', java.version: '11.0.16.1'
Driver info: org.openqa.selenium.chrome.ChromeDriver
Command: [5f1155c252d343c9fb3b359d5d445760, clickElement {id=48dd4402-b9bb-44ca-90b7-12cf1a233c3a}]
Capabilities {acceptInsecureCerts: false, browserName: chrome, browserVersion: 106.0.5249.119, chrome: {chromedriverVersion: 105.0.5195.52 (412c95e51883..., userDataDir: C:\Users\olga\AppData\Local...}, goog:chromeOptions: {debuggerAddress: localhost:51788}, networkConnectionEnabled: false, pageLoadStrategy: normal, platformName: WINDOWS, proxy: Proxy(), se:cdp: ws://localhost:51788/devtoo..., se:cdpVersion: 106.0.5249.119, setWindowRect: true, strictFileInteractability: false, timeouts: {implicit: 0, pageLoad: 300000, script: 30000}, unhandledPromptBehavior: dismiss and notify, webauthn:extension:credBlob: true, webauthn:extension:largeBlob: true, webauthn:virtualAuthenticators: true}
Element: [[ChromeDriver: chrome on WINDOWS (5f1155c252d343c9fb3b359d5d445760)] -> id: dates]
Session ID: 5f1155c252d343c9fb3b359d5d445760
11:13:47.776  INFO  manager.ListenerWD - *********************
11:13:47.776  INFO  manager.ListenerWD - [[ChromeDriver: chrome on WINDOWS (5f1155c252d343c9fb3b359d5d445760)] -> id: dates]
11:13:47.787  INFO  manager.ListenerWD - Screen with error is  1680 ****src/test/screenshots/screen1680.png
